\textbf{Тест \textit{3}.}\newline
\textbf{Условия задачи:}\newline
\begin{equation*}
F = 2.0x_1 + 3.0x_2 + 0.0x_3 - 1.0x_4 + 0.0x_5 + 0.0x_6 \rightarrow \max
\end{equation*}
\begin{equation*}
\begin{cases}
2.0x_1 - 1.0x_2 + 0.0x_3 - 2.0x_4 + 1.0x_5 + 0.0x_6 & \le 16.0 \\
3.0x_1 + 2.0x_2 + 1.0x_3 - 3.0x_4 + 0.0x_5 + 0.0x_6 & \le 18.0 \\
-1.0x_1 + 3.0x_2 + 0.0x_3 + 4.0x_4 + 0.0x_5 + 1.0x_6 & \le 24.0 \\
\end{cases}
\end{equation*}

\textbf{Задача, после приведения к каноническому виду:}\newline
\begin{equation*}
F = 2.0x_1 + 3.0x_2 + 0.0x_3 - 1.0x_4 + 0.0x_5 + 0.0x_6 + 0.0z_1 + 0.0z_2 + 0.0z_3 \rightarrow \max
\end{equation*}
\begin{equation*}
\begin{cases}
2.0x_1 - 1.0x_2 + 0.0x_3 - 2.0x_4 + 1.0x_5 + 0.0x_6 + 1.0z_1 + 0.0z_2 + 0.0z_3 & = 16.0 \\
3.0x_1 + 2.0x_2 + 1.0x_3 - 3.0x_4 + 0.0x_5 + 0.0x_6 + 0.0z_1 + 1.0z_2 + 0.0z_3 & = 18.0 \\
-1.0x_1 + 3.0x_2 + 0.0x_3 + 4.0x_4 + 0.0x_5 + 1.0x_6 + 0.0z_1 + 0.0z_2 + 1.0z_3 & = 24.0 \\
\end{cases}
\end{equation*}

\textbf{Задача, после выбора базиса:}\newline
Базис: $(x_5, x_3, x_6)$\newline
\begin{equation*}
F = 2.0x_1 + 3.0x_2 + 0.0x_3 - 1.0x_4 + 0.0x_5 + 0.0x_6 + 0.0z_1 + 0.0z_2 + 0.0z_3 \rightarrow \max
\end{equation*}
\begin{equation*}
\begin{cases}
2.0x_1 - 1.0x_2 + 0.0x_3 - 2.0x_4 + 1.0x_5 + 0.0x_6 + 1.0z_1 + 0.0z_2 + 0.0z_3 & = 16.0 \\
3.0x_1 + 2.0x_2 + 1.0x_3 - 3.0x_4 + 0.0x_5 + 0.0x_6 + 0.0z_1 + 1.0z_2 + 0.0z_3 & = 18.0 \\
-1.0x_1 + 3.0x_2 + 0.0x_3 + 4.0x_4 + 0.0x_5 + 1.0x_6 + 0.0z_1 + 0.0z_2 + 1.0z_3 & = 24.0 \\
\end{cases}
\end{equation*}
\begin{table}[h]\begin{center}\begin{tabular}{ |c|c|c|c|c|c|c|c|c|c|c| }
\hline
 & Св. & x1 & x2 & x3 & x4 & x5 & x6 & z1 & z2 & z3 \\ 
\hline
x2 & 8.00 & -0.33 & 1.00 & 0.00 & 1.33 & 0.00 & 0.33 & 0.00 & 0.00 & 0.33 \\ 
\hline
x5 & 24.00 & 1.67 & 0.00 & 0.00 & -0.67 & 1.00 & 0.33 & 1.00 & 0.00 & 0.33 \\ 
\hline
x3 & 2.00 & 3.67 & 0.00 & 1.00 & -5.67 & 0.00 & -0.67 & 0.00 & 1.00 & -0.67 \\ 
\hline
F & 24.00 & -3.00 & 0.00 & 0.00 & 5.00 & 0.00 & 1.00 & 0.00 & 0.00 & 1.00 \\ 
\hline
\end{tabular}\end{center}\caption{Итерация симплекс-метода №1}\end{table}

\begin{table}[h]\begin{center}\begin{tabular}{ |c|c|c|c|c|c|c|c|c|c|c| }
\hline
 & Св. & x1 & x2 & x3 & x4 & x5 & x6 & z1 & z2 & z3 \\ 
\hline
x1 & 0.55 & 1.00 & 0.00 & 0.27 & -1.55 & 0.00 & -0.18 & 0.00 & 0.27 & -0.18 \\ 
\hline
x2 & 8.18 & 0.00 & 1.00 & 0.09 & 0.82 & 0.00 & 0.27 & 0.00 & 0.09 & 0.27 \\ 
\hline
x5 & 23.09 & 0.00 & 0.00 & -0.45 & 1.91 & 1.00 & 0.64 & 1.00 & -0.45 & 0.64 \\ 
\hline
F & 25.64 & 0.00 & 0.00 & 0.82 & 0.36 & 0.00 & 0.45 & 0.00 & 0.82 & 0.45 \\ 
\hline
\end{tabular}\end{center}\caption{Итерация симплекс-метода №2}\end{table}

\newpage
\textbf{Оптимальное решение прямой ЗЛП:}\newline
$F_{max}$ = 25.636363636363637;\newline
$X$ = $( x_1, x_2, x_3, x_4, x_5, x_6 )$ = $( 0.5454545454545455, 8.181818181818182, 0.0, 0.0, 23.09090909090909, 0.0 )$;\newline
$Z$ = $( z_1, z_2, z_3 )$ = $( 0.0, 0.0, 0.0 )$.\newline
\textbf{Оптимальное решение двойственной ЗЛП:}\newline
$L$ = 25.636363636363637;\newline
$Y$ = $( y_1, y_2, y_3 )$ = $( 0.0, 0.8181818181818182, 0.4545454545454545 )$.\newline

