\textbf{Тест \textit{4}.}\newline
\textbf{Условия задачи:}\newline
\begin{equation*}
F = 16.0x_1 + 25.0x_2 \rightarrow \min
\end{equation*}
\begin{equation*}
\begin{cases}
1.0x_1 + 7.0x_2 & \ge 4.0 \\
1.0x_1 + 5.0x_2 & \ge 5.0 \\
2.0x_1 + 3.0x_2 & \ge 9.0 \\
\end{cases}
\end{equation*}

\textbf{Задача, после приведения к каноническому виду:}\newline
\begin{equation*}
F = -16.0x_1 - 25.0x_2 + 0.0z_1 + 0.0z_2 + 0.0z_3 \rightarrow \max
\end{equation*}
\begin{equation*}
\begin{cases}
1.0x_1 + 7.0x_2 - 1.0z_1 + 0.0z_2 + 0.0z_3 & = 4.0 \\
1.0x_1 + 5.0x_2 + 0.0z_1 - 1.0z_2 + 0.0z_3 & = 5.0 \\
2.0x_1 + 3.0x_2 + 0.0z_1 + 0.0z_2 - 1.0z_3 & = 9.0 \\
\end{cases}
\end{equation*}

\textbf{Задача, после выбора базиса:}\newline
Базис: $(a_1, a_2, a_3)$\newline
\begin{equation*}
F = -16.0x_1 - 25.0x_2 + 0.0z_1 + 0.0z_2 + 0.0z_3 + 0.0a_1 + 0.0a_2 + 0.0a_3 \rightarrow \max
\end{equation*}
\begin{equation*}
\begin{cases}
1.0x_1 + 7.0x_2 - 1.0z_1 + 0.0z_2 + 0.0z_3 + 1.0a_1 + 0.0a_2 + 0.0a_3 & = 4.0 \\
1.0x_1 + 5.0x_2 + 0.0z_1 - 1.0z_2 + 0.0z_3 + 0.0a_1 + 1.0a_2 + 0.0a_3 & = 5.0 \\
2.0x_1 + 3.0x_2 + 0.0z_1 + 0.0z_2 - 1.0z_3 + 0.0a_1 + 0.0a_2 + 1.0a_3 & = 9.0 \\
\end{cases}
\end{equation*}
\begin{table}[h]\begin{center}\begin{tabular}{ |c|c|c|c|c|c|c|c|c|c| }
\hline
 & Св. & x1 & x2 & z1 & z2 & z3 & a1 & a2 & a3 \\ 
\hline
x2 & 0.57 & 0.14 & 1.00 & -0.14 & 0.00 & 0.00 & 0.14 & 0.00 & 0.00 \\ 
\hline
a2 & 2.14 & 0.29 & 0.00 & 0.71 & -1.00 & 0.00 & -0.71 & 1.00 & 0.00 \\ 
\hline
a3 & 7.29 & 1.57 & 0.00 & 0.43 & 0.00 & -1.00 & -0.43 & 0.00 & 1.00 \\ 
\hline
F & -14.29 & 12.43 & 0.00 & 3.57 & -0.00 & -0.00 & -3.57 & -0.00 & -0.00 \\ 
\hline
M & 26.57 & -1.86 & 0.00 & -1.14 & 1.00 & 1.00 & 2.14 & 0.00 & 0.00 \\ 
\hline
\end{tabular}\end{center}\caption{Итерация М-метода №1}\end{table}
\newpage
\begin{table}[h]\begin{center}\begin{tabular}{ |c|c|c|c|c|c|c|c|c|c| }
\hline
 & Св. & x1 & x2 & z1 & z2 & z3 & a1 & a2 & a3 \\ 
\hline
x1 & 4.00 & 1.00 & 7.00 & -1.00 & 0.00 & 0.00 & 1.00 & 0.00 & 0.00 \\ 
\hline
a2 & 1.00 & 0.00 & -2.00 & 1.00 & -1.00 & 0.00 & -1.00 & 1.00 & 0.00 \\ 
\hline
a3 & 1.00 & 0.00 & -11.00 & 2.00 & 0.00 & -1.00 & -2.00 & 0.00 & 1.00 \\ 
\hline
F & -64.00 & 0.00 & -87.00 & 16.00 & -0.00 & -0.00 & -16.00 & -0.00 & -0.00 \\ 
\hline
M & 34.00 & 0.00 & 13.00 & -3.00 & 1.00 & 1.00 & 4.00 & 0.00 & 0.00 \\ 
\hline
\end{tabular}\end{center}\caption{Итерация М-метода №2}\end{table}
\begin{table}[h]\begin{center}\begin{tabular}{ |c|c|c|c|c|c|c|c|c|c| }
\hline
 & Св. & x1 & x2 & z1 & z2 & z3 & a1 & a2 & a3 \\ 
\hline
z1 & 0.50 & 0.00 & -5.50 & 1.00 & 0.00 & -0.50 & -1.00 & 0.00 & 0.50 \\ 
\hline
x1 & 4.50 & 1.00 & 1.50 & 0.00 & 0.00 & -0.50 & 0.00 & 0.00 & 0.50 \\ 
\hline
a2 & 0.50 & 0.00 & 3.50 & 0.00 & -1.00 & 0.50 & 0.00 & 1.00 & -0.50 \\ 
\hline
F & -72.00 & 0.00 & 1.00 & 0.00 & -0.00 & 8.00 & 0.00 & -0.00 & -8.00 \\ 
\hline
M & 35.50 & 0.00 & -3.50 & 0.00 & 1.00 & -0.50 & 1.00 & 0.00 & 1.50 \\ 
\hline
\end{tabular}\end{center}\caption{Итерация М-метода №3}\end{table}
\begin{table}[h]\begin{center}\begin{tabular}{ |c|c|c|c|c|c|c|c|c|c| }
\hline
 & Св. & x1 & x2 & z1 & z2 & z3 & a1 & a2 & a3 \\ 
\hline
x2 & 0.14 & 0.00 & 1.00 & 0.00 & -0.29 & 0.14 & 0.00 & 0.29 & -0.14 \\ 
\hline
z1 & 1.29 & 0.00 & 0.00 & 1.00 & -1.57 & 0.29 & -1.00 & 1.57 & -0.29 \\ 
\hline
x1 & 4.29 & 1.00 & 0.00 & 0.00 & 0.43 & -0.71 & 0.00 & -0.43 & 0.71 \\ 
\hline
F & -72.14 & 0.00 & 0.00 & 0.00 & 0.29 & 7.86 & 0.00 & -0.29 & -7.86 \\ 
\hline
M & 36.00 & 0.00 & -0.00 & 0.00 & 0.00 & -0.00 & 1.00 & 1.00 & 1.00 \\ 
\hline
\end{tabular}\end{center}\caption{Итерация М-метода №4}\end{table}
\newpage
\begin{table}[h]\begin{center}\begin{tabular}{ |c|c|c|c|c|c|c|c|c|c| }
\hline
 & Св. & x1 & x2 & z1 & z2 & z3 & a1 & a2 & a3 \\ 
\hline
x2 & 0.14 & 0.00 & 1.00 & 0.00 & -0.29 & 0.14 & 0.00 & 0.29 & -0.14 \\ 
\hline
z1 & 1.29 & 0.00 & 0.00 & 1.00 & -1.57 & 0.29 & -1.00 & 1.57 & -0.29 \\ 
\hline
x1 & 4.29 & 1.00 & 0.00 & 0.00 & 0.43 & -0.71 & 0.00 & -0.43 & 0.71 \\ 
\hline
F & -72.14 & 0.00 & 0.00 & 0.00 & 0.29 & 7.86 & 0.00 & -0.29 & -7.86 \\ 
\hline
M & 36.00 & 0.00 & 0.00 & 0.00 & 0.00 & -0.00 & 1.00 & 1.00 & 1.00 \\ 
\hline
\end{tabular}\end{center}\caption{Итерация М-метода №5}\end{table}
\begin{table}[h]\begin{center}\begin{tabular}{ |c|c|c|c|c|c|c|c|c|c| }
\hline
 & Св. & x1 & x2 & z1 & z2 & z3 & a1 & a2 & a3 \\ 
\hline
z3 & 1.00 & 0.00 & 7.00 & 0.00 & -2.00 & 1.00 & 0.00 & 2.00 & -1.00 \\ 
\hline
z1 & 1.00 & 0.00 & -2.00 & 1.00 & -1.00 & 0.00 & -1.00 & 1.00 & 0.00 \\ 
\hline
x1 & 5.00 & 1.00 & 5.00 & 0.00 & -1.00 & 0.00 & 0.00 & 1.00 & 0.00 \\ 
\hline
F & -80.00 & 0.00 & -55.00 & 0.00 & 16.00 & 0.00 & 0.00 & -16.00 & 0.00 \\ 
\hline
M & 36.00 & 0.00 & 0.00 & 0.00 & 0.00 & -0.00 & 1.00 & 1.00 & 1.00 \\ 
\hline
\end{tabular}\end{center}\caption{Итерация М-метода №6}\end{table}
\begin{table}[h]\begin{center}\begin{tabular}{ |c|c|c|c|c|c|c|c|c|c| }
\hline
 & Св. & x1 & x2 & z1 & z2 & z3 & a1 & a2 & a3 \\ 
\hline
z3 & 1.00 & 0.00 & 7.00 & 0.00 & -2.00 & 1.00 & 0.00 & 2.00 & -1.00 \\ 
\hline
z1 & 1.00 & 0.00 & -2.00 & 1.00 & -1.00 & 0.00 & -1.00 & 1.00 & 0.00 \\ 
\hline
x1 & 5.00 & 1.00 & 5.00 & 0.00 & -1.00 & 0.00 & 0.00 & 1.00 & 0.00 \\ 
\hline
F & -80.00 & 0.00 & -55.00 & 0.00 & 16.00 & 0.00 & 0.00 & -16.00 & 0.00 \\ 
\hline
M & 36.00 & 0.00 & 0.00 & 0.00 & 0.00 & 0.00 & 1.00 & 1.00 & 1.00 \\ 
\hline
\end{tabular}\end{center}\caption{Итерация М-метода №7}\end{table}
\begin{table}[h]\begin{center}\begin{tabular}{ |c|c|c|c|c|c|c| }
\hline
 & Св. & x1 & x2 & z1 & z2 & z3 \\ 
\hline
x2 & 0.14 & 0.00 & 1.00 & 0.00 & -0.29 & 0.14 \\ 
\hline
z1 & 1.29 & 0.00 & 0.00 & 1.00 & -1.57 & 0.29 \\ 
\hline
x1 & 4.29 & 1.00 & 0.00 & 0.00 & 0.43 & -0.71 \\ 
\hline
F & -72.14 & 0.00 & 0.00 & 0.00 & 0.29 & 7.86 \\ 
\hline
\end{tabular}\end{center}\caption{Итерация симплекс-метода №1}\end{table}

\newpage
\textbf{Оптимальное решение прямой ЗЛП:}\newline
$F_{min}$ = 72.14285714285714;\newline
$X$ = $( x_1, x_2 )$ = $( 4.285714285714286, 0.14285714285714285 )$;\newline
$Z$ = $( z_1, z_2, z_3 )$ = $( 1.2857142857142856, 0.0, 0.0 )$.\newline
\textbf{Оптимальное решение двойственной ЗЛП:}\newline
$L$ = 72.14285714285714;\newline
$Y$ = $( y_1, y_2, y_3 )$ = $( 0.0, 0.2857142857142865, 7.857142857142857 )$.\newline

