\textbf{Тест \textit{6}.}\newline
\textbf{Условия задачи:}\newline
\begin{equation*}
F = 4.0x_1 + 6.0x_2 + 2.0x_3 \rightarrow \max
\end{equation*}
\begin{equation*}
\begin{cases}
3.0x_1 + 1.0x_2 + 3.0x_3 & \le 18.0 \\
5.0x_1 + 3.0x_2 + 6.0x_3 & \le 9.0 \\
2.0x_1 + 6.0x_2 + 2.0x_3 & \le 12.0 \\
\end{cases}
\end{equation*}

\textbf{Задача, после приведения к каноническому виду:}\newline
\begin{equation*}
F = 4.0x_1 + 6.0x_2 + 2.0x_3 + 0.0z_1 + 0.0z_2 + 0.0z_3 \rightarrow \max
\end{equation*}
\begin{equation*}
\begin{cases}
3.0x_1 + 1.0x_2 + 3.0x_3 + 1.0z_1 + 0.0z_2 + 0.0z_3 & = 18.0 \\
5.0x_1 + 3.0x_2 + 6.0x_3 + 0.0z_1 + 1.0z_2 + 0.0z_3 & = 9.0 \\
2.0x_1 + 6.0x_2 + 2.0x_3 + 0.0z_1 + 0.0z_2 + 1.0z_3 & = 12.0 \\
\end{cases}
\end{equation*}

\textbf{Задача, после выбора базиса:}\newline
Базис: $(z_1, z_2, z_3)$\newline
\begin{equation*}
F = 4.0x_1 + 6.0x_2 + 2.0x_3 + 0.0z_1 + 0.0z_2 + 0.0z_3 \rightarrow \max
\end{equation*}
\begin{equation*}
\begin{cases}
3.0x_1 + 1.0x_2 + 3.0x_3 + 1.0z_1 + 0.0z_2 + 0.0z_3 & = 18.0 \\
5.0x_1 + 3.0x_2 + 6.0x_3 + 0.0z_1 + 1.0z_2 + 0.0z_3 & = 9.0 \\
2.0x_1 + 6.0x_2 + 2.0x_3 + 0.0z_1 + 0.0z_2 + 1.0z_3 & = 12.0 \\
\end{cases}
\end{equation*}
\begin{table}[h]\begin{center}\begin{tabular}{ |c|c|c|c|c|c|c|c| }
\hline
 & Св. & x1 & x2 & x3 & z1 & z2 & z3 \\ 
\hline
x2 & 2.00 & 0.33 & 1.00 & 0.33 & 0.00 & 0.00 & 0.17 \\ 
\hline
z1 & 16.00 & 2.67 & 0.00 & 2.67 & 1.00 & 0.00 & -0.17 \\ 
\hline
z2 & 3.00 & 4.00 & 0.00 & 5.00 & 0.00 & 1.00 & -0.50 \\ 
\hline
F & 12.00 & -2.00 & 0.00 & 0.00 & 0.00 & 0.00 & 1.00 \\ 
\hline
\end{tabular}\end{center}\caption{Итерация симплекс-метода №1}\end{table}

\begin{table}[h]\begin{center}\begin{tabular}{ |c|c|c|c|c|c|c|c| }
\hline
 & Св. & x1 & x2 & x3 & z1 & z2 & z3 \\ 
\hline
x1 & 0.75 & 1.00 & 0.00 & 1.25 & 0.00 & 0.25 & -0.13 \\ 
\hline
x2 & 1.75 & 0.00 & 1.00 & -0.08 & 0.00 & -0.08 & 0.21 \\ 
\hline
z1 & 14.00 & 0.00 & 0.00 & -0.67 & 1.00 & -0.67 & 0.17 \\ 
\hline
F & 13.50 & 0.00 & 0.00 & 2.50 & 0.00 & 0.50 & 0.75 \\ 
\hline
\end{tabular}\end{center}\caption{Итерация симплекс-метода №2}\end{table}

\newpage
\textbf{Оптимальное решение прямой ЗЛП:}\newline
$F_{max}$ = 13.5;\newline
$X$ = $( x_1, x_2, x_3 )$ = $( 0.75, 1.75, 0.0 )$;\newline
$Z$ = $( z_1, z_2, z_3 )$ = $( 14.0, 0.0, 0.0 )$.\newline
\textbf{Оптимальное решение двойственной ЗЛП:}\newline
$L$ = 13.5;\newline
$Y$ = $( y_1, y_2, y_3 )$ = $( 0.0, 0.5, 0.75 )$.\newline

